--2019-11-15 10:41:23--  https://www.jma.go.jp/jp/yoho/images/000_telop_today.png
Resolving www.jma.go.jp (www.jma.go.jp)... 23.214.54.154
Connecting to www.jma.go.jp (www.jma.go.jp)|23.214.54.154|:443... connected.
HTTP request sent, awaiting response... 200 OK
Length: 85584 (84K) [image/png]
Saving to: ‘public/000_telop_today.png’

     0K .......... .......... .......... .......... .......... 59%  696K 0s
    50K .......... .......... .......... ...                  100% 6.37M=0.08s

2019-11-15 10:41:24 (1.06 MB/s) - ‘public/000_telop_today.png’ saved [85584/85584]

--2019-11-15 10:41:27--  https://www.jma.go.jp/jp/yoho/images/000_telop_tomorrow.png
Reusing existing connection to www.jma.go.jp:443.
HTTP request sent, awaiting response... 200 OK
Length: 85719 (84K) [image/png]
Saving to: ‘public/000_telop_tomorrow.png’

     0K .......... .......... .......... .......... .......... 59% 5.04M 0s
    50K .......... .......... .......... ...                  100% 4.49M=0.02s

2019-11-15 10:41:28 (4.80 MB/s) - ‘public/000_telop_tomorrow.png’ saved [85719/85719]

--2019-11-15 10:41:31--  https://www.jma.go.jp/jp/yoho/images/000_telop_aftomorrow.png
Reusing existing connection to www.jma.go.jp:443.
HTTP request sent, awaiting response... 200 OK
Length: 87342 (85K) [image/png]
Saving to: ‘public/000_telop_aftomorrow.png’

     0K .......... .......... .......... .......... .......... 58%  177K 0s
    50K .......... .......... .......... .....                100% 9.85M=0.3s

2019-11-15 10:41:31 (298 KB/s) - ‘public/000_telop_aftomorrow.png’ saved [87342/87342]

--2019-11-15 10:41:34--  https://www.jma.go.jp/jp/yoho/images/000_temp_today.png
Reusing existing connection to www.jma.go.jp:443.
HTTP request sent, awaiting response... 200 OK
Length: 73438 (72K) [image/png]
Saving to: ‘public/000_temp_today.png’

     0K .......... .......... .......... .......... .......... 69%  345K 0s
    50K .......... .......... .                               100% 11.6M=0.1s

2019-11-15 10:41:35 (489 KB/s) - ‘public/000_temp_today.png’ saved [73438/73438]

--2019-11-15 10:41:38--  https://www.jma.go.jp/jp/yoho/images/000_temp_tomorrow.png
Reusing existing connection to www.jma.go.jp:443.
HTTP request sent, awaiting response... 200 OK
Length: 92862 (91K) [image/png]
Saving to: ‘public/000_temp_tomorrow.png’

     0K .......... .......... .......... .......... .......... 55%  347K 0s
    50K .......... .......... .......... ..........           100%  295K=0.3s

2019-11-15 10:41:39 (321 KB/s) - ‘public/000_temp_tomorrow.png’ saved [92862/92862]

FINISHED --2019-11-15 10:41:39--
Total wall clock time: 16s
Downloaded: 5 files, 415K in 0.8s (513 KB/s)
